<?xml version="1.0" encoding="UTF-8"?>
<!-- Generated by org.testng.reporters.JUnitXMLReporter -->
<testsuite ignored="0" hostname="DESKTOP-S3KSH1H" failures="0" tests="3" name="Surefire test" time="51.866" errors="0" timestamp="2024-12-19T14:19:13 IST">
  <testcase classname="sandeepkumar.Tests.SubmitOrderTest" name="submitOrder" time="6.958"/>
  <testcase classname="sandeepkumar.Tests.SubmitOrderTest" name="submitOrder" time="6.477"/>
  <testcase classname="sandeepkumar.Tests.SubmitOrderTest" name="OrderHistoryTest" time="2.21"/>
</testsuite> <!-- Surefire test -->
