<?xml version="1.0" encoding="UTF-8"?>
<!-- Generated by org.testng.reporters.JUnitXMLReporter -->
<testsuite ignored="0" hostname="DESKTOP-S3KSH1H" failures="0" tests="2" name="Error Validation Test" time="37.469" errors="0" timestamp="2024-12-19T14:59:35 IST">
  <testcase classname="sandeepkumar.Tests.ErrorValidation" name="ProductErrorValidation" time="8.762"/>
  <testcase classname="sandeepkumar.Tests.ErrorValidation" name="loginErrorValidation" time="1.587"/>
</testsuite> <!-- Error Validation Test -->
