<?xml version="1.0" encoding="UTF-8"?>
<!-- Generated by org.testng.reporters.JUnitXMLReporter -->
<testsuite ignored="0" hostname="DESKTOP-S3KSH1H" failures="0" tests="3" name="Submit Order Test" time="58.832" errors="0" timestamp="2024-12-19T14:59:53 IST">
  <testcase classname="sandeepkumar.Tests.SubmitOrderTest" name="submitOrder" time="11.6"/>
  <testcase classname="sandeepkumar.Tests.SubmitOrderTest" name="submitOrder" time="7.644"/>
  <testcase classname="sandeepkumar.Tests.SubmitOrderTest" name="OrderHistoryTest" time="2.62"/>
</testsuite> <!-- Submit Order Test -->
