<?xml version="1.0" encoding="UTF-8"?>
<!-- Generated by org.testng.reporters.JUnitXMLReporter -->
<testsuite ignored="0" hostname="DESKTOP-S3KSH1H" failures="0" tests="3" name="Submit Order Test" time="103.472" errors="0" timestamp="2024-12-19T15:48:25 IST">
  <testcase classname="sandeepkumar.Tests.SubmitOrderTest" name="submitOrder" time="25.745"/>
  <testcase classname="sandeepkumar.Tests.SubmitOrderTest" name="submitOrder" time="19.763"/>
  <testcase classname="sandeepkumar.Tests.SubmitOrderTest" name="OrderHistoryTest" time="4.767"/>
</testsuite> <!-- Submit Order Test -->
